[ 2026-06-12 10:56:20,822 ] - 1025 - INFO - HTTP Request: GET https://dagshub.com/api/v1/user "HTTP/1.1 200 OK"
[ 2026-06-12 10:56:20,831 ] - 107 - INFO - Accessing as itz-dhr-u-we
[ 2026-06-12 10:56:22,869 ] - 1025 - INFO - HTTP Request: GET https://dagshub.com/api/v1/repos/itz-dhr-u-we/networksecurity "HTTP/1.1 200 OK"
[ 2026-06-12 10:56:25,533 ] - 1025 - INFO - HTTP Request: GET https://dagshub.com/api/v1/user "HTTP/1.1 200 OK"
[ 2026-06-12 10:56:25,535 ] - 107 - INFO - Initialized MLflow to track repo "itz-dhr-u-we/networksecurity"
[ 2026-06-12 10:56:25,536 ] - 107 - INFO - Repository itz-dhr-u-we/networksecurity initialized!
[ 2026-06-12 10:56:25,551 ] - 21 - INFO - Initiate the data ingestion
[ 2026-06-12 10:59:14,637 ] - 60 - INFO - Performed train test split on the dataframe
[ 2026-06-12 10:59:14,637 ] - 61 - INFO - Exited split_data_as_train_test method of Data_Ingestion class
[ 2026-06-12 10:59:14,638 ] - 65 - INFO - Exporting train and test file path.
[ 2026-06-12 10:59:14,705 ] - 73 - INFO - Exported train and test file path. 
[ 2026-06-12 10:59:14,706 ] - 23 - INFO - Data initiation completed.
[ 2026-06-12 10:59:14,712 ] - 27 - INFO - Initiate the data validation
[ 2026-06-12 10:59:14,801 ] - 33 - INFO - Required number of columns: 31
[ 2026-06-12 10:59:14,801 ] - 34 - INFO - Data frame has columns: 31
[ 2026-06-12 10:59:14,801 ] - 33 - INFO - Required number of columns: 31
[ 2026-06-12 10:59:14,801 ] - 34 - INFO - Data frame has columns: 31
[ 2026-06-12 10:59:15,020 ] - 29 - INFO - Data Validation completed.
[ 2026-06-12 10:59:15,021 ] - 32 - INFO - Data transformation started.
[ 2026-06-12 10:59:15,021 ] - 55 - INFO - Entered initiate_data_transformation method od DataTransformation class
[ 2026-06-12 10:59:15,021 ] - 57 - INFO - Starting data transformation
[ 2026-06-12 10:59:15,055 ] - 40 - INFO - Entered get_data_transformer_object methos of Transformation class
[ 2026-06-12 10:59:15,055 ] - 45 - INFO - Initialize KNNImputer with {'missing_values': nan, 'n_neighbors': 3, 'weights': 'uniform'}
[ 2026-06-12 10:59:15,116 ] - 41 - INFO - Entered the save object method of main utils class
[ 2026-06-12 10:59:15,120 ] - 45 - INFO - Exited the save_object methos of MainUtils class
[ 2026-06-12 10:59:15,120 ] - 41 - INFO - Entered the save object method of main utils class
[ 2026-06-12 10:59:15,123 ] - 45 - INFO - Exited the save_object methos of MainUtils class
[ 2026-06-12 10:59:15,123 ] - 36 - INFO - Data Transformation ended.
[ 2026-06-12 10:59:15,125 ] - 38 - INFO - Model Training started
