[ 2026-06-12 11:15:29,129 ] - 1025 - INFO - HTTP Request: GET https://dagshub.com/api/v1/user "HTTP/1.1 200 OK"
[ 2026-06-12 11:15:29,143 ] - 107 - INFO - Accessing as itz-dhr-u-we
[ 2026-06-12 11:15:31,788 ] - 1025 - INFO - HTTP Request: GET https://dagshub.com/api/v1/repos/itz-dhr-u-we/networksecurity "HTTP/1.1 200 OK"
[ 2026-06-12 11:15:34,336 ] - 1025 - INFO - HTTP Request: GET https://dagshub.com/api/v1/user "HTTP/1.1 200 OK"
[ 2026-06-12 11:15:34,339 ] - 107 - INFO - Initialized MLflow to track repo "itz-dhr-u-we/networksecurity"
[ 2026-06-12 11:15:34,339 ] - 107 - INFO - Repository itz-dhr-u-we/networksecurity initialized!
[ 2026-06-12 11:15:34,340 ] - 21 - INFO - Initiate the data ingestion
[ 2026-06-12 11:15:54,282 ] - 60 - INFO - Performed train test split on the dataframe
[ 2026-06-12 11:15:54,282 ] - 61 - INFO - Exited split_data_as_train_test method of Data_Ingestion class
[ 2026-06-12 11:15:54,283 ] - 65 - INFO - Exporting train and test file path.
[ 2026-06-12 11:15:54,355 ] - 73 - INFO - Exported train and test file path. 
[ 2026-06-12 11:15:54,356 ] - 23 - INFO - Data initiation completed.
[ 2026-06-12 11:15:54,364 ] - 27 - INFO - Initiate the data validation
[ 2026-06-12 11:15:54,481 ] - 33 - INFO - Required number of columns: 31
[ 2026-06-12 11:15:54,481 ] - 34 - INFO - Data frame has columns: 31
[ 2026-06-12 11:15:54,482 ] - 33 - INFO - Required number of columns: 31
[ 2026-06-12 11:15:54,482 ] - 34 - INFO - Data frame has columns: 31
[ 2026-06-12 11:15:54,687 ] - 29 - INFO - Data Validation completed.
[ 2026-06-12 11:15:54,687 ] - 32 - INFO - Data transformation started.
[ 2026-06-12 11:15:54,687 ] - 55 - INFO - Entered initiate_data_transformation method od DataTransformation class
[ 2026-06-12 11:15:54,687 ] - 57 - INFO - Starting data transformation
[ 2026-06-12 11:15:54,720 ] - 40 - INFO - Entered get_data_transformer_object methos of Transformation class
[ 2026-06-12 11:15:54,720 ] - 45 - INFO - Initialize KNNImputer with {'missing_values': nan, 'n_neighbors': 3, 'weights': 'uniform'}
[ 2026-06-12 11:15:54,782 ] - 41 - INFO - Entered the save object method of main utils class
[ 2026-06-12 11:15:54,786 ] - 45 - INFO - Exited the save_object methos of MainUtils class
[ 2026-06-12 11:15:54,786 ] - 41 - INFO - Entered the save object method of main utils class
[ 2026-06-12 11:15:54,790 ] - 45 - INFO - Exited the save_object methos of MainUtils class
[ 2026-06-12 11:15:54,791 ] - 36 - INFO - Data Transformation ended.
[ 2026-06-12 11:15:54,792 ] - 38 - INFO - Model Training started
