[ 2026-06-12 10:03:08,169 ] - 1025 - INFO - HTTP Request: GET https://dagshub.com/api/v1/user "HTTP/1.1 200 OK"
[ 2026-06-12 10:03:08,198 ] - 107 - INFO - Accessing as itz-dhr-u-we
[ 2026-06-12 10:03:10,082 ] - 1025 - INFO - HTTP Request: GET https://dagshub.com/api/v1/repos/itz-dhr-u-we/networksecurity "HTTP/1.1 200 OK"
[ 2026-06-12 10:03:11,722 ] - 1025 - INFO - HTTP Request: GET https://dagshub.com/api/v1/user "HTTP/1.1 200 OK"
[ 2026-06-12 10:03:11,725 ] - 107 - INFO - Initialized MLflow to track repo "itz-dhr-u-we/networksecurity"
[ 2026-06-12 10:03:11,726 ] - 107 - INFO - Repository itz-dhr-u-we/networksecurity initialized!
[ 2026-06-12 10:03:11,728 ] - 21 - INFO - Initiate the data ingestion
[ 2026-06-12 10:03:25,479 ] - 60 - INFO - Performed train test split on the dataframe
[ 2026-06-12 10:03:25,479 ] - 61 - INFO - Exited split_data_as_train_test method of Data_Ingestion class
[ 2026-06-12 10:03:25,480 ] - 65 - INFO - Exporting train and test file path.
[ 2026-06-12 10:03:25,568 ] - 73 - INFO - Exported train and test file path. 
[ 2026-06-12 10:03:25,570 ] - 23 - INFO - Data initiation completed.
[ 2026-06-12 10:03:25,578 ] - 27 - INFO - Initiate the data validation
[ 2026-06-12 10:03:25,693 ] - 33 - INFO - Required number of columns: 31
[ 2026-06-12 10:03:25,693 ] - 34 - INFO - Data frame has columns: 31
[ 2026-06-12 10:03:25,694 ] - 33 - INFO - Required number of columns: 31
[ 2026-06-12 10:03:25,694 ] - 34 - INFO - Data frame has columns: 31
[ 2026-06-12 10:03:26,012 ] - 29 - INFO - Data Validation completed.
[ 2026-06-12 10:03:26,012 ] - 32 - INFO - Data transformation started.
[ 2026-06-12 10:03:26,012 ] - 55 - INFO - Entered initiate_data_transformation method od DataTransformation class
[ 2026-06-12 10:03:26,012 ] - 57 - INFO - Starting data transformation
[ 2026-06-12 10:03:26,067 ] - 40 - INFO - Entered get_data_transformer_object methos of Transformation class
[ 2026-06-12 10:03:26,068 ] - 45 - INFO - Initialize KNNImputer with {'missing_values': nan, 'n_neighbors': 3, 'weights': 'uniform'}
[ 2026-06-12 10:03:26,215 ] - 41 - INFO - Entered the save object method of main utils class
[ 2026-06-12 10:03:26,224 ] - 45 - INFO - Exited the save_object methos of MainUtils class
[ 2026-06-12 10:03:26,224 ] - 41 - INFO - Entered the save object method of main utils class
[ 2026-06-12 10:03:26,231 ] - 45 - INFO - Exited the save_object methos of MainUtils class
[ 2026-06-12 10:03:26,235 ] - 36 - INFO - Data Transformation ended.
[ 2026-06-12 10:03:26,235 ] - 38 - INFO - Model Training started
