[ 2026-06-12 10:31:04,546 ] - 1025 - INFO - HTTP Request: GET https://dagshub.com/api/v1/user "HTTP/1.1 200 OK"
[ 2026-06-12 10:31:04,567 ] - 107 - INFO - Accessing as itz-dhr-u-we
[ 2026-06-12 10:31:06,303 ] - 1025 - INFO - HTTP Request: GET https://dagshub.com/api/v1/repos/itz-dhr-u-we/networksecurity "HTTP/1.1 200 OK"
[ 2026-06-12 10:31:07,769 ] - 1025 - INFO - HTTP Request: GET https://dagshub.com/api/v1/user "HTTP/1.1 200 OK"
[ 2026-06-12 10:31:07,772 ] - 107 - INFO - Initialized MLflow to track repo "itz-dhr-u-we/networksecurity"
[ 2026-06-12 10:31:07,773 ] - 107 - INFO - Repository itz-dhr-u-we/networksecurity initialized!
[ 2026-06-12 10:31:07,779 ] - 21 - INFO - Initiate the data ingestion
[ 2026-06-12 10:31:12,944 ] - 60 - INFO - Performed train test split on the dataframe
[ 2026-06-12 10:31:12,944 ] - 61 - INFO - Exited split_data_as_train_test method of Data_Ingestion class
[ 2026-06-12 10:31:12,945 ] - 65 - INFO - Exporting train and test file path.
[ 2026-06-12 10:31:12,990 ] - 73 - INFO - Exported train and test file path. 
[ 2026-06-12 10:31:12,990 ] - 23 - INFO - Data initiation completed.
[ 2026-06-12 10:31:12,994 ] - 27 - INFO - Initiate the data validation
[ 2026-06-12 10:31:13,087 ] - 33 - INFO - Required number of columns: 31
[ 2026-06-12 10:31:13,087 ] - 34 - INFO - Data frame has columns: 31
[ 2026-06-12 10:31:13,088 ] - 33 - INFO - Required number of columns: 31
[ 2026-06-12 10:31:13,088 ] - 34 - INFO - Data frame has columns: 31
[ 2026-06-12 10:31:13,251 ] - 29 - INFO - Data Validation completed.
[ 2026-06-12 10:31:13,251 ] - 32 - INFO - Data transformation started.
[ 2026-06-12 10:31:13,251 ] - 55 - INFO - Entered initiate_data_transformation method od DataTransformation class
[ 2026-06-12 10:31:13,251 ] - 57 - INFO - Starting data transformation
[ 2026-06-12 10:31:13,272 ] - 40 - INFO - Entered get_data_transformer_object methos of Transformation class
[ 2026-06-12 10:31:13,272 ] - 45 - INFO - Initialize KNNImputer with {'missing_values': nan, 'n_neighbors': 3, 'weights': 'uniform'}
[ 2026-06-12 10:31:13,317 ] - 41 - INFO - Entered the save object method of main utils class
[ 2026-06-12 10:31:13,319 ] - 45 - INFO - Exited the save_object methos of MainUtils class
[ 2026-06-12 10:31:13,319 ] - 41 - INFO - Entered the save object method of main utils class
[ 2026-06-12 10:31:13,322 ] - 45 - INFO - Exited the save_object methos of MainUtils class
[ 2026-06-12 10:31:13,323 ] - 36 - INFO - Data Transformation ended.
[ 2026-06-12 10:31:13,323 ] - 38 - INFO - Model Training started
[ 2026-06-12 10:37:41,549 ] - 869 - WARNING - Retrying (Retry(total=6, connect=7, read=7, redirect=7, status=7)) after connection broken by 'SSLEOFError(8, 'EOF occurred in violation of protocol (_ssl.c:2406)')': /itz-dhr-u-we/networksecurity.mlflow/api/2.0/mlflow-artifacts/artifacts/e67505f978cd4aabb5363aa37070af75/models/m-f31e7263ead1487c8d9e776b45baa4bf/artifacts/model.pkl
[ 2026-06-12 10:38:09,360 ] - 869 - WARNING - Retrying (Retry(total=5, connect=7, read=7, redirect=7, status=7)) after connection broken by 'SSLEOFError(8, 'EOF occurred in violation of protocol (_ssl.c:2406)')': /itz-dhr-u-we/networksecurity.mlflow/api/2.0/mlflow-artifacts/artifacts/e67505f978cd4aabb5363aa37070af75/models/m-f31e7263ead1487c8d9e776b45baa4bf/artifacts/model.pkl
[ 2026-06-12 10:38:25,058 ] - 869 - WARNING - Retrying (Retry(total=4, connect=7, read=6, redirect=7, status=7)) after connection broken by 'ConnectionResetError(10054, 'An existing connection was forcibly closed by the remote host', None, 10054, None)': /itz-dhr-u-we/networksecurity.mlflow/api/2.0/mlflow-artifacts/artifacts/e67505f978cd4aabb5363aa37070af75/models/m-f31e7263ead1487c8d9e776b45baa4bf/artifacts/model.pkl
[ 2026-06-12 10:39:17,211 ] - 869 - WARNING - Retrying (Retry(total=6, connect=7, read=6, redirect=7, status=7)) after connection broken by 'RemoteDisconnected('Remote end closed connection without response')': /itz-dhr-u-we/networksecurity.mlflow/api/2.0/mlflow-artifacts/artifacts/e67505f978cd4aabb5363aa37070af75/models/m-ef8f373062674a5d8dde9dde8b61e79a/artifacts/MLmodel
[ 2026-06-12 10:41:14,876 ] - 41 - INFO - Entered the save object method of main utils class
[ 2026-06-12 10:41:14,896 ] - 45 - INFO - Exited the save_object methos of MainUtils class
[ 2026-06-12 10:41:14,897 ] - 41 - INFO - Entered the save object method of main utils class
[ 2026-06-12 10:41:14,908 ] - 45 - INFO - Exited the save_object methos of MainUtils class
[ 2026-06-12 10:41:14,910 ] - 145 - INFO - Model trainer artifact: ModelTrainerArtifact(trained_model_file_path='Artifacts\\06122026__103053\\model_trainer\\trained_model\\model.pkl', train_metric_artifact=ClassificationMetricArtifact(f1_score=0.9908200734394125, precision_score=0.9896088019559902, recall_score=0.9920343137254902), test_metric_artifact=ClassificationMetricArtifact(f1_score=0.9782866166600869, precision_score=0.9740566037735849, recall_score=0.9825535289452815))
[ 2026-06-12 10:41:14,910 ] - 42 - INFO - Model Training artifact created
