[ 2026-06-12 11:07:53,166 ] - 1025 - INFO - HTTP Request: GET https://dagshub.com/api/v1/user "HTTP/1.1 200 OK"
[ 2026-06-12 11:07:53,180 ] - 107 - INFO - Accessing as itz-dhr-u-we
[ 2026-06-12 11:07:54,690 ] - 1025 - INFO - HTTP Request: GET https://dagshub.com/api/v1/repos/itz-dhr-u-we/networksecurity "HTTP/1.1 200 OK"
[ 2026-06-12 11:07:57,530 ] - 1025 - INFO - HTTP Request: GET https://dagshub.com/api/v1/user "HTTP/1.1 200 OK"
[ 2026-06-12 11:07:57,533 ] - 107 - INFO - Initialized MLflow to track repo "itz-dhr-u-we/networksecurity"
[ 2026-06-12 11:07:57,534 ] - 107 - INFO - Repository itz-dhr-u-we/networksecurity initialized!
[ 2026-06-12 11:07:57,551 ] - 21 - INFO - Initiate the data ingestion
[ 2026-06-12 11:08:08,641 ] - 60 - INFO - Performed train test split on the dataframe
[ 2026-06-12 11:08:08,641 ] - 61 - INFO - Exited split_data_as_train_test method of Data_Ingestion class
[ 2026-06-12 11:08:08,642 ] - 65 - INFO - Exporting train and test file path.
[ 2026-06-12 11:08:08,714 ] - 73 - INFO - Exported train and test file path. 
[ 2026-06-12 11:08:08,714 ] - 23 - INFO - Data initiation completed.
[ 2026-06-12 11:08:08,720 ] - 27 - INFO - Initiate the data validation
[ 2026-06-12 11:08:08,818 ] - 33 - INFO - Required number of columns: 31
[ 2026-06-12 11:08:08,818 ] - 34 - INFO - Data frame has columns: 31
[ 2026-06-12 11:08:08,819 ] - 33 - INFO - Required number of columns: 31
[ 2026-06-12 11:08:08,819 ] - 34 - INFO - Data frame has columns: 31
[ 2026-06-12 11:08:09,008 ] - 29 - INFO - Data Validation completed.
[ 2026-06-12 11:08:09,008 ] - 32 - INFO - Data transformation started.
[ 2026-06-12 11:08:09,010 ] - 55 - INFO - Entered initiate_data_transformation method od DataTransformation class
[ 2026-06-12 11:08:09,010 ] - 57 - INFO - Starting data transformation
[ 2026-06-12 11:08:09,046 ] - 40 - INFO - Entered get_data_transformer_object methos of Transformation class
[ 2026-06-12 11:08:09,046 ] - 45 - INFO - Initialize KNNImputer with {'missing_values': nan, 'n_neighbors': 3, 'weights': 'uniform'}
[ 2026-06-12 11:08:09,106 ] - 41 - INFO - Entered the save object method of main utils class
[ 2026-06-12 11:08:09,110 ] - 45 - INFO - Exited the save_object methos of MainUtils class
[ 2026-06-12 11:08:09,110 ] - 41 - INFO - Entered the save object method of main utils class
[ 2026-06-12 11:08:09,113 ] - 45 - INFO - Exited the save_object methos of MainUtils class
[ 2026-06-12 11:08:09,114 ] - 36 - INFO - Data Transformation ended.
[ 2026-06-12 11:08:09,114 ] - 38 - INFO - Model Training started
