[ 2026-06-12 11:34:07,738 ] - 1025 - INFO - HTTP Request: GET https://dagshub.com/api/v1/user "HTTP/1.1 200 OK"
[ 2026-06-12 11:34:07,769 ] - 107 - INFO - Accessing as itz-dhr-u-we
[ 2026-06-12 11:34:09,785 ] - 1025 - INFO - HTTP Request: GET https://dagshub.com/api/v1/repos/itz-dhr-u-we/networksecurity "HTTP/1.1 200 OK"
[ 2026-06-12 11:34:11,423 ] - 1025 - INFO - HTTP Request: GET https://dagshub.com/api/v1/user "HTTP/1.1 200 OK"
[ 2026-06-12 11:34:11,426 ] - 107 - INFO - Initialized MLflow to track repo "itz-dhr-u-we/networksecurity"
[ 2026-06-12 11:34:11,428 ] - 107 - INFO - Repository itz-dhr-u-we/networksecurity initialized!
[ 2026-06-12 11:34:11,445 ] - 21 - INFO - Initiate the data ingestion
[ 2026-06-12 11:34:20,076 ] - 60 - INFO - Performed train test split on the dataframe
[ 2026-06-12 11:34:20,076 ] - 61 - INFO - Exited split_data_as_train_test method of Data_Ingestion class
[ 2026-06-12 11:34:20,077 ] - 65 - INFO - Exporting train and test file path.
[ 2026-06-12 11:34:20,138 ] - 73 - INFO - Exported train and test file path. 
[ 2026-06-12 11:34:20,139 ] - 23 - INFO - Data initiation completed.
[ 2026-06-12 11:34:20,144 ] - 27 - INFO - Initiate the data validation
[ 2026-06-12 11:34:20,255 ] - 33 - INFO - Required number of columns: 31
[ 2026-06-12 11:34:20,255 ] - 34 - INFO - Data frame has columns: 31
[ 2026-06-12 11:34:20,257 ] - 33 - INFO - Required number of columns: 31
[ 2026-06-12 11:34:20,257 ] - 34 - INFO - Data frame has columns: 31
[ 2026-06-12 11:34:20,464 ] - 29 - INFO - Data Validation completed.
[ 2026-06-12 11:34:20,464 ] - 32 - INFO - Data transformation started.
[ 2026-06-12 11:34:20,464 ] - 55 - INFO - Entered initiate_data_transformation method od DataTransformation class
[ 2026-06-12 11:34:20,464 ] - 57 - INFO - Starting data transformation
[ 2026-06-12 11:34:20,506 ] - 40 - INFO - Entered get_data_transformer_object methos of Transformation class
[ 2026-06-12 11:34:20,506 ] - 45 - INFO - Initialize KNNImputer with {'missing_values': nan, 'n_neighbors': 3, 'weights': 'uniform'}
[ 2026-06-12 11:34:20,575 ] - 41 - INFO - Entered the save object method of main utils class
[ 2026-06-12 11:34:20,580 ] - 45 - INFO - Exited the save_object methos of MainUtils class
[ 2026-06-12 11:34:20,580 ] - 41 - INFO - Entered the save object method of main utils class
[ 2026-06-12 11:34:20,583 ] - 45 - INFO - Exited the save_object methos of MainUtils class
[ 2026-06-12 11:34:20,585 ] - 36 - INFO - Data Transformation ended.
[ 2026-06-12 11:34:20,585 ] - 38 - INFO - Model Training started
[ 2026-06-12 11:42:13,341 ] - 41 - INFO - Entered the save object method of main utils class
[ 2026-06-12 11:42:13,427 ] - 45 - INFO - Exited the save_object methos of MainUtils class
[ 2026-06-12 11:42:13,427 ] - 41 - INFO - Entered the save object method of main utils class
[ 2026-06-12 11:42:13,508 ] - 45 - INFO - Exited the save_object methos of MainUtils class
[ 2026-06-12 11:42:13,508 ] - 159 - INFO - Model trainer artifact: ModelTrainerArtifact(trained_model_file_path='Artifacts\\06122026__113359\\model_trainer\\trained_model\\model.pkl', train_metric_artifact=ClassificationMetricArtifact(f1_score=0.9913993726601235, precision_score=0.988498789346247, recall_score=0.9943170286178201), test_metric_artifact=ClassificationMetricArtifact(f1_score=0.9769882922890594, precision_score=0.9703287890938251, recall_score=0.983739837398374))
[ 2026-06-12 11:42:13,517 ] - 42 - INFO - Model Training artifact created
